Started GET "/" for 127.0.0.1 at 2019-09-07 05:25:19 +0300
  [1m[35m (1.0ms)[0m  [1m[34mSELECT "schema_migrations"."version" FROM "schema_migrations" ORDER BY "schema_migrations"."version" ASC[0m
  
ActiveRecord::PendingMigrationError (

Migrations are pending. To resolve this issue, run:

        rails db:migrate RAILS_ENV=development

):
  
activerecord (6.0.0) lib/active_record/migration.rb:587:in `check_pending!'
activerecord (6.0.0) lib/active_record/migration.rb:564:in `call'
actionpack (6.0.0) lib/action_dispatch/middleware/callbacks.rb:27:in `block in call'
activesupport (6.0.0) lib/active_support/callbacks.rb:101:in `run_callbacks'
actionpack (6.0.0) lib/action_dispatch/middleware/callbacks.rb:26:in `call'
actionpack (6.0.0) lib/action_dispatch/middleware/executor.rb:14:in `call'
actionpack (6.0.0) lib/action_dispatch/middleware/actionable_exceptions.rb:17:in `call'
actionpack (6.0.0) lib/action_dispatch/middleware/debug_exceptions.rb:32:in `call'
web-console (4.0.1) lib/web_console/middleware.rb:132:in `call_app'
web-console (4.0.1) lib/web_console/middleware.rb:28:in `block in call'
web-console (4.0.1) lib/web_console/middleware.rb:17:in `catch'
web-console (4.0.1) lib/web_console/middleware.rb:17:in `call'
actionpack (6.0.0) lib/action_dispatch/middleware/show_exceptions.rb:33:in `call'
railties (6.0.0) lib/rails/rack/logger.rb:38:in `call_app'
railties (6.0.0) lib/rails/rack/logger.rb:26:in `block in call'
activesupport (6.0.0) lib/active_support/tagged_logging.rb:80:in `block in tagged'
activesupport (6.0.0) lib/active_support/tagged_logging.rb:28:in `tagged'
activesupport (6.0.0) lib/active_support/tagged_logging.rb:80:in `tagged'
railties (6.0.0) lib/rails/rack/logger.rb:26:in `call'
sprockets-rails (3.2.1) lib/sprockets/rails/quiet_assets.rb:13:in `call'
actionpack (6.0.0) lib/action_dispatch/middleware/remote_ip.rb:81:in `call'
actionpack (6.0.0) lib/action_dispatch/middleware/request_id.rb:27:in `call'
rack (2.0.7) lib/rack/method_override.rb:22:in `call'
rack (2.0.7) lib/rack/runtime.rb:22:in `call'
activesupport (6.0.0) lib/active_support/cache/strategy/local_cache_middleware.rb:29:in `call'
actionpack (6.0.0) lib/action_dispatch/middleware/executor.rb:14:in `call'
actionpack (6.0.0) lib/action_dispatch/middleware/static.rb:126:in `call'
rack (2.0.7) lib/rack/sendfile.rb:111:in `call'
actionpack (6.0.0) lib/action_dispatch/middleware/host_authorization.rb:83:in `call'
webpacker (4.0.7) lib/webpacker/dev_server_proxy.rb:29:in `perform_request'
rack-proxy (0.6.5) lib/rack/proxy.rb:57:in `call'
railties (6.0.0) lib/rails/engine.rb:526:in `call'
puma (3.12.1) lib/puma/configuration.rb:227:in `call'
puma (3.12.1) lib/puma/server.rb:660:in `handle_request'
puma (3.12.1) lib/puma/server.rb:474:in `process_client'
puma (3.12.1) lib/puma/server.rb:334:in `block in run'
puma (3.12.1) lib/puma/thread_pool.rb:135:in `block in spawn_thread'
Started POST "/rails/actions" for 127.0.0.1 at 2019-09-07 05:25:27 +0300
  [1m[35m (0.2ms)[0m  [1m[34mSELECT pg_try_advisory_lock(1926259440135810465)[0m
  [1m[35m (0.3ms)[0m  [1m[34mSELECT "schema_migrations"."version" FROM "schema_migrations" ORDER BY "schema_migrations"."version" ASC[0m
Migrating to CreateJoinCartItems (20190904082253)
  [1m[35m (0.2ms)[0m  [1m[35mBEGIN[0m
  [1m[35m (263.1ms)[0m  [1m[35mCREATE TABLE "join_cart_items" ("id" bigserial primary key, "cart_id" bigint, "item_id" bigint, "created_at" timestamp(6) NOT NULL, "updated_at" timestamp(6) NOT NULL, CONSTRAINT "fk_rails_8061af8427"
FOREIGN KEY ("cart_id")
  REFERENCES "carts" ("id")
, CONSTRAINT "fk_rails_c70167bde2"
FOREIGN KEY ("item_id")
  REFERENCES "items" ("id")
)[0m
  [1m[35m (54.0ms)[0m  [1m[35mCREATE  INDEX  "index_join_cart_items_on_cart_id" ON "join_cart_items"  ("cart_id")[0m
  [1m[35m (41.9ms)[0m  [1m[35mCREATE  INDEX  "index_join_cart_items_on_item_id" ON "join_cart_items"  ("item_id")[0m
  [1m[36mprimary::SchemaMigration Create (0.4ms)[0m  [1m[32mINSERT INTO "schema_migrations" ("version") VALUES ($1) RETURNING "version"[0m  [["version", "20190904082253"]]
  [1m[35m (10.2ms)[0m  [1m[35mCOMMIT[0m
  [1m[36mActiveRecord::InternalMetadata Load (0.4ms)[0m  [1m[34mSELECT "ar_internal_metadata".* FROM "ar_internal_metadata" WHERE "ar_internal_metadata"."key" = $1 LIMIT $2[0m  [["key", "environment"], ["LIMIT", 1]]
  [1m[35m (0.4ms)[0m  [1m[34mSELECT pg_advisory_unlock(1926259440135810465)[0m
Started GET "/" for 127.0.0.1 at 2019-09-07 05:25:28 +0300
  [1m[35m (0.4ms)[0m  [1m[34mSELECT "schema_migrations"."version" FROM "schema_migrations" ORDER BY "schema_migrations"."version" ASC[0m
Processing by ItemsController#index as HTML
  Rendering items/index.html.erb within layouts/application
  [1m[36mItem Load (0.7ms)[0m  [1m[34mSELECT "items".* FROM "items"[0m
  ↳ app/views/items/index.html.erb:13
  Rendered items/index.html.erb within layouts/application (Duration: 6.8ms | Allocations: 1253)
[Webpacker] Compiling…
[Webpacker] Compiled all packs in /home/amboara/Bureau/shops_cats/public/packs
Completed 200 OK in 12266ms (Views: 12214.7ms | ActiveRecord: 2.8ms | Allocations: 1293101)


Started GET "/kitUI.css" for 127.0.0.1 at 2019-09-07 05:25:40 +0300
  
ActionController::RoutingError (No route matches [GET] "/kitUI.css"):
  
actionpack (6.0.0) lib/action_dispatch/middleware/debug_exceptions.rb:36:in `call'
web-console (4.0.1) lib/web_console/middleware.rb:132:in `call_app'
web-console (4.0.1) lib/web_console/middleware.rb:28:in `block in call'
web-console (4.0.1) lib/web_console/middleware.rb:17:in `catch'
web-console (4.0.1) lib/web_console/middleware.rb:17:in `call'
actionpack (6.0.0) lib/action_dispatch/middleware/show_exceptions.rb:33:in `call'
railties (6.0.0) lib/rails/rack/logger.rb:38:in `call_app'
railties (6.0.0) lib/rails/rack/logger.rb:26:in `block in call'
activesupport (6.0.0) lib/active_support/tagged_logging.rb:80:in `block in tagged'
activesupport (6.0.0) lib/active_support/tagged_logging.rb:28:in `tagged'
activesupport (6.0.0) lib/active_support/tagged_logging.rb:80:in `tagged'
railties (6.0.0) lib/rails/rack/logger.rb:26:in `call'
sprockets-rails (3.2.1) lib/sprockets/rails/quiet_assets.rb:13:in `call'
actionpack (6.0.0) lib/action_dispatch/middleware/remote_ip.rb:81:in `call'
actionpack (6.0.0) lib/action_dispatch/middleware/request_id.rb:27:in `call'
rack (2.0.7) lib/rack/method_override.rb:22:in `call'
rack (2.0.7) lib/rack/runtime.rb:22:in `call'
activesupport (6.0.0) lib/active_support/cache/strategy/local_cache_middleware.rb:29:in `call'
actionpack (6.0.0) lib/action_dispatch/middleware/executor.rb:14:in `call'
actionpack (6.0.0) lib/action_dispatch/middleware/static.rb:126:in `call'
rack (2.0.7) lib/rack/sendfile.rb:111:in `call'
actionpack (6.0.0) lib/action_dispatch/middleware/host_authorization.rb:83:in `call'
webpacker (4.0.7) lib/webpacker/dev_server_proxy.rb:29:in `perform_request'
rack-proxy (0.6.5) lib/rack/proxy.rb:57:in `call'
railties (6.0.0) lib/rails/engine.rb:526:in `call'
puma (3.12.1) lib/puma/configuration.rb:227:in `call'
puma (3.12.1) lib/puma/server.rb:660:in `handle_request'
puma (3.12.1) lib/puma/server.rb:474:in `process_client'
puma (3.12.1) lib/puma/server.rb:334:in `block in run'
puma (3.12.1) lib/puma/thread_pool.rb:135:in `block in spawn_thread'
Started GET "/kitUI.css" for 127.0.0.1 at 2019-09-07 05:25:43 +0300
  
ActionController::RoutingError (No route matches [GET] "/kitUI.css"):
  
actionpack (6.0.0) lib/action_dispatch/middleware/debug_exceptions.rb:36:in `call'
web-console (4.0.1) lib/web_console/middleware.rb:132:in `call_app'
web-console (4.0.1) lib/web_console/middleware.rb:28:in `block in call'
web-console (4.0.1) lib/web_console/middleware.rb:17:in `catch'
web-console (4.0.1) lib/web_console/middleware.rb:17:in `call'
actionpack (6.0.0) lib/action_dispatch/middleware/show_exceptions.rb:33:in `call'
railties (6.0.0) lib/rails/rack/logger.rb:38:in `call_app'
railties (6.0.0) lib/rails/rack/logger.rb:26:in `block in call'
activesupport (6.0.0) lib/active_support/tagged_logging.rb:80:in `block in tagged'
activesupport (6.0.0) lib/active_support/tagged_logging.rb:28:in `tagged'
activesupport (6.0.0) lib/active_support/tagged_logging.rb:80:in `tagged'
railties (6.0.0) lib/rails/rack/logger.rb:26:in `call'
sprockets-rails (3.2.1) lib/sprockets/rails/quiet_assets.rb:13:in `call'
actionpack (6.0.0) lib/action_dispatch/middleware/remote_ip.rb:81:in `call'
actionpack (6.0.0) lib/action_dispatch/middleware/request_id.rb:27:in `call'
rack (2.0.7) lib/rack/method_override.rb:22:in `call'
rack (2.0.7) lib/rack/runtime.rb:22:in `call'
activesupport (6.0.0) lib/active_support/cache/strategy/local_cache_middleware.rb:29:in `call'
actionpack (6.0.0) lib/action_dispatch/middleware/executor.rb:14:in `call'
actionpack (6.0.0) lib/action_dispatch/middleware/static.rb:126:in `call'
rack (2.0.7) lib/rack/sendfile.rb:111:in `call'
actionpack (6.0.0) lib/action_dispatch/middleware/host_authorization.rb:83:in `call'
webpacker (4.0.7) lib/webpacker/dev_server_proxy.rb:29:in `perform_request'
rack-proxy (0.6.5) lib/rack/proxy.rb:57:in `call'
railties (6.0.0) lib/rails/engine.rb:526:in `call'
puma (3.12.1) lib/puma/configuration.rb:227:in `call'
puma (3.12.1) lib/puma/server.rb:660:in `handle_request'
puma (3.12.1) lib/puma/server.rb:474:in `process_client'
puma (3.12.1) lib/puma/server.rb:334:in `block in run'
puma (3.12.1) lib/puma/thread_pool.rb:135:in `block in spawn_thread'
Started GET "/items" for 127.0.0.1 at 2019-09-07 05:25:58 +0300
Processing by ItemsController#index as HTML
  Rendering items/index.html.erb within layouts/application
  [1m[36mItem Load (0.4ms)[0m  [1m[34mSELECT "items".* FROM "items"[0m
  ↳ app/views/items/index.html.erb:13
  Rendered items/index.html.erb within layouts/application (Duration: 2.0ms | Allocations: 595)
Completed 200 OK in 27ms (Views: 25.2ms | ActiveRecord: 0.4ms | Allocations: 13280)


Started GET "/items" for 127.0.0.1 at 2019-09-07 05:26:00 +0300
Processing by ItemsController#index as HTML
  Rendering items/index.html.erb within layouts/application
  [1m[36mItem Load (0.4ms)[0m  [1m[34mSELECT "items".* FROM "items"[0m
  ↳ app/views/items/index.html.erb:13
  Rendered items/index.html.erb within layouts/application (Duration: 2.0ms | Allocations: 596)
Completed 200 OK in 22ms (Views: 21.1ms | ActiveRecord: 0.4ms | Allocations: 13212)


Started GET "/items" for 127.0.0.1 at 2019-09-07 05:26:01 +0300
Processing by ItemsController#index as HTML
  Rendering items/index.html.erb within layouts/application
  [1m[36mItem Load (0.4ms)[0m  [1m[34mSELECT "items".* FROM "items"[0m
  ↳ app/views/items/index.html.erb:13
  Rendered items/index.html.erb within layouts/application (Duration: 2.1ms | Allocations: 600)
Completed 200 OK in 25ms (Views: 23.5ms | ActiveRecord: 0.4ms | Allocations: 13214)


Started GET "/kitUI.css" for 127.0.0.1 at 2019-09-07 05:26:01 +0300
  
ActionController::RoutingError (No route matches [GET] "/kitUI.css"):
  
actionpack (6.0.0) lib/action_dispatch/middleware/debug_exceptions.rb:36:in `call'
web-console (4.0.1) lib/web_console/middleware.rb:132:in `call_app'
web-console (4.0.1) lib/web_console/middleware.rb:28:in `block in call'
web-console (4.0.1) lib/web_console/middleware.rb:17:in `catch'
web-console (4.0.1) lib/web_console/middleware.rb:17:in `call'
actionpack (6.0.0) lib/action_dispatch/middleware/show_exceptions.rb:33:in `call'
railties (6.0.0) lib/rails/rack/logger.rb:38:in `call_app'
railties (6.0.0) lib/rails/rack/logger.rb:26:in `block in call'
activesupport (6.0.0) lib/active_support/tagged_logging.rb:80:in `block in tagged'
activesupport (6.0.0) lib/active_support/tagged_logging.rb:28:in `tagged'
activesupport (6.0.0) lib/active_support/tagged_logging.rb:80:in `tagged'
railties (6.0.0) lib/rails/rack/logger.rb:26:in `call'
sprockets-rails (3.2.1) lib/sprockets/rails/quiet_assets.rb:13:in `call'
actionpack (6.0.0) lib/action_dispatch/middleware/remote_ip.rb:81:in `call'
actionpack (6.0.0) lib/action_dispatch/middleware/request_id.rb:27:in `call'
rack (2.0.7) lib/rack/method_override.rb:22:in `call'
rack (2.0.7) lib/rack/runtime.rb:22:in `call'
activesupport (6.0.0) lib/active_support/cache/strategy/local_cache_middleware.rb:29:in `call'
actionpack (6.0.0) lib/action_dispatch/middleware/executor.rb:14:in `call'
actionpack (6.0.0) lib/action_dispatch/middleware/static.rb:126:in `call'
rack (2.0.7) lib/rack/sendfile.rb:111:in `call'
actionpack (6.0.0) lib/action_dispatch/middleware/host_authorization.rb:83:in `call'
webpacker (4.0.7) lib/webpacker/dev_server_proxy.rb:29:in `perform_request'
rack-proxy (0.6.5) lib/rack/proxy.rb:57:in `call'
railties (6.0.0) lib/rails/engine.rb:526:in `call'
puma (3.12.1) lib/puma/configuration.rb:227:in `call'
puma (3.12.1) lib/puma/server.rb:660:in `handle_request'
puma (3.12.1) lib/puma/server.rb:474:in `process_client'
puma (3.12.1) lib/puma/server.rb:334:in `block in run'
puma (3.12.1) lib/puma/thread_pool.rb:135:in `block in spawn_thread'
Started GET "/kitUI.css" for 127.0.0.1 at 2019-09-07 05:26:01 +0300
  
ActionController::RoutingError (No route matches [GET] "/kitUI.css"):
  
actionpack (6.0.0) lib/action_dispatch/middleware/debug_exceptions.rb:36:in `call'
web-console (4.0.1) lib/web_console/middleware.rb:132:in `call_app'
web-console (4.0.1) lib/web_console/middleware.rb:28:in `block in call'
web-console (4.0.1) lib/web_console/middleware.rb:17:in `catch'
web-console (4.0.1) lib/web_console/middleware.rb:17:in `call'
actionpack (6.0.0) lib/action_dispatch/middleware/show_exceptions.rb:33:in `call'
railties (6.0.0) lib/rails/rack/logger.rb:38:in `call_app'
railties (6.0.0) lib/rails/rack/logger.rb:26:in `block in call'
activesupport (6.0.0) lib/active_support/tagged_logging.rb:80:in `block in tagged'
activesupport (6.0.0) lib/active_support/tagged_logging.rb:28:in `tagged'
activesupport (6.0.0) lib/active_support/tagged_logging.rb:80:in `tagged'
railties (6.0.0) lib/rails/rack/logger.rb:26:in `call'
sprockets-rails (3.2.1) lib/sprockets/rails/quiet_assets.rb:13:in `call'
actionpack (6.0.0) lib/action_dispatch/middleware/remote_ip.rb:81:in `call'
actionpack (6.0.0) lib/action_dispatch/middleware/request_id.rb:27:in `call'
rack (2.0.7) lib/rack/method_override.rb:22:in `call'
rack (2.0.7) lib/rack/runtime.rb:22:in `call'
activesupport (6.0.0) lib/active_support/cache/strategy/local_cache_middleware.rb:29:in `call'
actionpack (6.0.0) lib/action_dispatch/middleware/executor.rb:14:in `call'
actionpack (6.0.0) lib/action_dispatch/middleware/static.rb:126:in `call'
rack (2.0.7) lib/rack/sendfile.rb:111:in `call'
actionpack (6.0.0) lib/action_dispatch/middleware/host_authorization.rb:83:in `call'
webpacker (4.0.7) lib/webpacker/dev_server_proxy.rb:29:in `perform_request'
rack-proxy (0.6.5) lib/rack/proxy.rb:57:in `call'
railties (6.0.0) lib/rails/engine.rb:526:in `call'
puma (3.12.1) lib/puma/configuration.rb:227:in `call'
puma (3.12.1) lib/puma/server.rb:660:in `handle_request'
puma (3.12.1) lib/puma/server.rb:474:in `process_client'
puma (3.12.1) lib/puma/server.rb:334:in `block in run'
puma (3.12.1) lib/puma/thread_pool.rb:135:in `block in spawn_thread'
Started GET "/items" for 127.0.0.1 at 2019-09-07 05:26:06 +0300
Processing by ItemsController#index as HTML
  Rendering items/index.html.erb within layouts/application
  [1m[36mItem Load (0.5ms)[0m  [1m[34mSELECT "items".* FROM "items"[0m
  ↳ app/views/items/index.html.erb:13
  Rendered items/index.html.erb within layouts/application (Duration: 3.0ms | Allocations: 592)
Completed 200 OK in 21ms (Views: 19.8ms | ActiveRecord: 0.5ms | Allocations: 13184)


Started GET "/users/sign_up" for 127.0.0.1 at 2019-09-07 05:26:10 +0300
Processing by Devise::RegistrationsController#new as HTML
  Rendering devise/registrations/new.html.erb within layouts/application
  Rendered devise/shared/_error_messages.html.erb (Duration: 0.7ms | Allocations: 214)
  Rendered devise/shared/_links.html.erb (Duration: 1.1ms | Allocations: 549)
  Rendered devise/registrations/new.html.erb within layouts/application (Duration: 2266.1ms | Allocations: 765593)
Completed 200 OK in 2306ms (Views: 2283.1ms | ActiveRecord: 3.9ms | Allocations: 785021)


Started GET "/items" for 127.0.0.1 at 2019-09-07 05:26:19 +0300
Processing by ItemsController#index as HTML
  Rendering items/index.html.erb within layouts/application
  [1m[36mItem Load (0.7ms)[0m  [1m[34mSELECT "items".* FROM "items"[0m
  ↳ app/views/items/index.html.erb:13
  Rendered items/index.html.erb within layouts/application (Duration: 2.8ms | Allocations: 593)
Completed 200 OK in 30ms (Views: 28.1ms | ActiveRecord: 0.7ms | Allocations: 13224)


Started GET "/items" for 127.0.0.1 at 2019-09-07 05:26:21 +0300
Processing by ItemsController#index as HTML
  Rendering items/index.html.erb within layouts/application
  [1m[36mItem Load (0.5ms)[0m  [1m[34mSELECT "items".* FROM "items"[0m
  ↳ app/views/items/index.html.erb:13
  Rendered items/index.html.erb within layouts/application (Duration: 2.3ms | Allocations: 593)
Completed 200 OK in 30ms (Views: 28.7ms | ActiveRecord: 0.5ms | Allocations: 13198)


Started GET "/items" for 127.0.0.1 at 2019-09-07 05:26:22 +0300
Processing by ItemsController#index as HTML
  Rendering items/index.html.erb within layouts/application
  [1m[36mItem Load (0.3ms)[0m  [1m[34mSELECT "items".* FROM "items"[0m
  ↳ app/views/items/index.html.erb:13
  Rendered items/index.html.erb within layouts/application (Duration: 1.5ms | Allocations: 593)
Completed 200 OK in 22ms (Views: 20.6ms | ActiveRecord: 0.3ms | Allocations: 13198)


Started GET "/kitUI.css" for 127.0.0.1 at 2019-09-07 05:26:22 +0300
  
ActionController::RoutingError (No route matches [GET] "/kitUI.css"):
  
actionpack (6.0.0) lib/action_dispatch/middleware/debug_exceptions.rb:36:in `call'
web-console (4.0.1) lib/web_console/middleware.rb:132:in `call_app'
web-console (4.0.1) lib/web_console/middleware.rb:28:in `block in call'
web-console (4.0.1) lib/web_console/middleware.rb:17:in `catch'
web-console (4.0.1) lib/web_console/middleware.rb:17:in `call'
actionpack (6.0.0) lib/action_dispatch/middleware/show_exceptions.rb:33:in `call'
railties (6.0.0) lib/rails/rack/logger.rb:38:in `call_app'
railties (6.0.0) lib/rails/rack/logger.rb:26:in `block in call'
activesupport (6.0.0) lib/active_support/tagged_logging.rb:80:in `block in tagged'
activesupport (6.0.0) lib/active_support/tagged_logging.rb:28:in `tagged'
activesupport (6.0.0) lib/active_support/tagged_logging.rb:80:in `tagged'
railties (6.0.0) lib/rails/rack/logger.rb:26:in `call'
sprockets-rails (3.2.1) lib/sprockets/rails/quiet_assets.rb:13:in `call'
actionpack (6.0.0) lib/action_dispatch/middleware/remote_ip.rb:81:in `call'
actionpack (6.0.0) lib/action_dispatch/middleware/request_id.rb:27:in `call'
rack (2.0.7) lib/rack/method_override.rb:22:in `call'
rack (2.0.7) lib/rack/runtime.rb:22:in `call'
activesupport (6.0.0) lib/active_support/cache/strategy/local_cache_middleware.rb:29:in `call'
actionpack (6.0.0) lib/action_dispatch/middleware/executor.rb:14:in `call'
actionpack (6.0.0) lib/action_dispatch/middleware/static.rb:126:in `call'
rack (2.0.7) lib/rack/sendfile.rb:111:in `call'
actionpack (6.0.0) lib/action_dispatch/middleware/host_authorization.rb:83:in `call'
webpacker (4.0.7) lib/webpacker/dev_server_proxy.rb:29:in `perform_request'
rack-proxy (0.6.5) lib/rack/proxy.rb:57:in `call'
railties (6.0.0) lib/rails/engine.rb:526:in `call'
puma (3.12.1) lib/puma/configuration.rb:227:in `call'
puma (3.12.1) lib/puma/server.rb:660:in `handle_request'
puma (3.12.1) lib/puma/server.rb:474:in `process_client'
puma (3.12.1) lib/puma/server.rb:334:in `block in run'
puma (3.12.1) lib/puma/thread_pool.rb:135:in `block in spawn_thread'
Started GET "/kitUI.css" for 127.0.0.1 at 2019-09-07 05:26:22 +0300
  
ActionController::RoutingError (No route matches [GET] "/kitUI.css"):
  
actionpack (6.0.0) lib/action_dispatch/middleware/debug_exceptions.rb:36:in `call'
web-console (4.0.1) lib/web_console/middleware.rb:132:in `call_app'
web-console (4.0.1) lib/web_console/middleware.rb:28:in `block in call'
web-console (4.0.1) lib/web_console/middleware.rb:17:in `catch'
web-console (4.0.1) lib/web_console/middleware.rb:17:in `call'
actionpack (6.0.0) lib/action_dispatch/middleware/show_exceptions.rb:33:in `call'
railties (6.0.0) lib/rails/rack/logger.rb:38:in `call_app'
railties (6.0.0) lib/rails/rack/logger.rb:26:in `block in call'
activesupport (6.0.0) lib/active_support/tagged_logging.rb:80:in `block in tagged'
activesupport (6.0.0) lib/active_support/tagged_logging.rb:28:in `tagged'
activesupport (6.0.0) lib/active_support/tagged_logging.rb:80:in `tagged'
railties (6.0.0) lib/rails/rack/logger.rb:26:in `call'
sprockets-rails (3.2.1) lib/sprockets/rails/quiet_assets.rb:13:in `call'
actionpack (6.0.0) lib/action_dispatch/middleware/remote_ip.rb:81:in `call'
actionpack (6.0.0) lib/action_dispatch/middleware/request_id.rb:27:in `call'
rack (2.0.7) lib/rack/method_override.rb:22:in `call'
rack (2.0.7) lib/rack/runtime.rb:22:in `call'
activesupport (6.0.0) lib/active_support/cache/strategy/local_cache_middleware.rb:29:in `call'
actionpack (6.0.0) lib/action_dispatch/middleware/executor.rb:14:in `call'
actionpack (6.0.0) lib/action_dispatch/middleware/static.rb:126:in `call'
rack (2.0.7) lib/rack/sendfile.rb:111:in `call'
actionpack (6.0.0) lib/action_dispatch/middleware/host_authorization.rb:83:in `call'
webpacker (4.0.7) lib/webpacker/dev_server_proxy.rb:29:in `perform_request'
rack-proxy (0.6.5) lib/rack/proxy.rb:57:in `call'
railties (6.0.0) lib/rails/engine.rb:526:in `call'
puma (3.12.1) lib/puma/configuration.rb:227:in `call'
puma (3.12.1) lib/puma/server.rb:660:in `handle_request'
puma (3.12.1) lib/puma/server.rb:474:in `process_client'
puma (3.12.1) lib/puma/server.rb:334:in `block in run'
puma (3.12.1) lib/puma/thread_pool.rb:135:in `block in spawn_thread'
Started GET "/items" for 127.0.0.1 at 2019-09-07 05:26:23 +0300
Processing by ItemsController#index as HTML
  Rendering items/index.html.erb within layouts/application
  [1m[36mItem Load (0.8ms)[0m  [1m[34mSELECT "items".* FROM "items"[0m
  ↳ app/views/items/index.html.erb:13
  Rendered items/index.html.erb within layouts/application (Duration: 2.3ms | Allocations: 690)
Completed 200 OK in 25ms (Views: 23.6ms | ActiveRecord: 0.8ms | Allocations: 13288)


Started GET "/kitUI.css" for 127.0.0.1 at 2019-09-07 05:26:24 +0300
  
ActionController::RoutingError (No route matches [GET] "/kitUI.css"):
  
actionpack (6.0.0) lib/action_dispatch/middleware/debug_exceptions.rb:36:in `call'
web-console (4.0.1) lib/web_console/middleware.rb:132:in `call_app'
web-console (4.0.1) lib/web_console/middleware.rb:28:in `block in call'
web-console (4.0.1) lib/web_console/middleware.rb:17:in `catch'
web-console (4.0.1) lib/web_console/middleware.rb:17:in `call'
actionpack (6.0.0) lib/action_dispatch/middleware/show_exceptions.rb:33:in `call'
railties (6.0.0) lib/rails/rack/logger.rb:38:in `call_app'
railties (6.0.0) lib/rails/rack/logger.rb:26:in `block in call'
activesupport (6.0.0) lib/active_support/tagged_logging.rb:80:in `block in tagged'
activesupport (6.0.0) lib/active_support/tagged_logging.rb:28:in `tagged'
activesupport (6.0.0) lib/active_support/tagged_logging.rb:80:in `tagged'
railties (6.0.0) lib/rails/rack/logger.rb:26:in `call'
sprockets-rails (3.2.1) lib/sprockets/rails/quiet_assets.rb:13:in `call'
actionpack (6.0.0) lib/action_dispatch/middleware/remote_ip.rb:81:in `call'
actionpack (6.0.0) lib/action_dispatch/middleware/request_id.rb:27:in `call'
rack (2.0.7) lib/rack/method_override.rb:22:in `call'
rack (2.0.7) lib/rack/runtime.rb:22:in `call'
activesupport (6.0.0) lib/active_support/cache/strategy/local_cache_middleware.rb:29:in `call'
actionpack (6.0.0) lib/action_dispatch/middleware/executor.rb:14:in `call'
actionpack (6.0.0) lib/action_dispatch/middleware/static.rb:126:in `call'
rack (2.0.7) lib/rack/sendfile.rb:111:in `call'
actionpack (6.0.0) lib/action_dispatch/middleware/host_authorization.rb:83:in `call'
webpacker (4.0.7) lib/webpacker/dev_server_proxy.rb:29:in `perform_request'
rack-proxy (0.6.5) lib/rack/proxy.rb:57:in `call'
railties (6.0.0) lib/rails/engine.rb:526:in `call'
puma (3.12.1) lib/puma/configuration.rb:227:in `call'
puma (3.12.1) lib/puma/server.rb:660:in `handle_request'
puma (3.12.1) lib/puma/server.rb:474:in `process_client'
puma (3.12.1) lib/puma/server.rb:334:in `block in run'
puma (3.12.1) lib/puma/thread_pool.rb:135:in `block in spawn_thread'
Started GET "/kitUI.css" for 127.0.0.1 at 2019-09-07 05:26:24 +0300
  
ActionController::RoutingError (No route matches [GET] "/kitUI.css"):
  
actionpack (6.0.0) lib/action_dispatch/middleware/debug_exceptions.rb:36:in `call'
web-console (4.0.1) lib/web_console/middleware.rb:132:in `call_app'
web-console (4.0.1) lib/web_console/middleware.rb:28:in `block in call'
web-console (4.0.1) lib/web_console/middleware.rb:17:in `catch'
web-console (4.0.1) lib/web_console/middleware.rb:17:in `call'
actionpack (6.0.0) lib/action_dispatch/middleware/show_exceptions.rb:33:in `call'
railties (6.0.0) lib/rails/rack/logger.rb:38:in `call_app'
railties (6.0.0) lib/rails/rack/logger.rb:26:in `block in call'
activesupport (6.0.0) lib/active_support/tagged_logging.rb:80:in `block in tagged'
activesupport (6.0.0) lib/active_support/tagged_logging.rb:28:in `tagged'
activesupport (6.0.0) lib/active_support/tagged_logging.rb:80:in `tagged'
railties (6.0.0) lib/rails/rack/logger.rb:26:in `call'
sprockets-rails (3.2.1) lib/sprockets/rails/quiet_assets.rb:13:in `call'
actionpack (6.0.0) lib/action_dispatch/middleware/remote_ip.rb:81:in `call'
actionpack (6.0.0) lib/action_dispatch/middleware/request_id.rb:27:in `call'
rack (2.0.7) lib/rack/method_override.rb:22:in `call'
rack (2.0.7) lib/rack/runtime.rb:22:in `call'
activesupport (6.0.0) lib/active_support/cache/strategy/local_cache_middleware.rb:29:in `call'
actionpack (6.0.0) lib/action_dispatch/middleware/executor.rb:14:in `call'
actionpack (6.0.0) lib/action_dispatch/middleware/static.rb:126:in `call'
rack (2.0.7) lib/rack/sendfile.rb:111:in `call'
actionpack (6.0.0) lib/action_dispatch/middleware/host_authorization.rb:83:in `call'
webpacker (4.0.7) lib/webpacker/dev_server_proxy.rb:29:in `perform_request'
rack-proxy (0.6.5) lib/rack/proxy.rb:57:in `call'
railties (6.0.0) lib/rails/engine.rb:526:in `call'
puma (3.12.1) lib/puma/configuration.rb:227:in `call'
puma (3.12.1) lib/puma/server.rb:660:in `handle_request'
puma (3.12.1) lib/puma/server.rb:474:in `process_client'
puma (3.12.1) lib/puma/server.rb:334:in `block in run'
puma (3.12.1) lib/puma/thread_pool.rb:135:in `block in spawn_thread'
  [1m[35m (1.2ms)[0m  [1m[34mSELECT "schema_migrations"."version" FROM "schema_migrations" ORDER BY "schema_migrations"."version" ASC[0m
  [1m[35m (0.2ms)[0m  [1m[35mBEGIN[0m
  [1m[36mItem Create (18.4ms)[0m  [1m[32mINSERT INTO "items" ("title", "description", "price", "image_url", "created_at", "updated_at") VALUES ($1, $2, $3, $4, $5, $6) RETURNING "id"[0m  [["title", "Angel"], ["description", "Cat Aficionado Association"], ["price", "446.334"], ["image_url", "http://lorempixel.com/640/480/cats"], ["created_at", "2019-09-07 02:27:23.819204"], ["updated_at", "2019-09-07 02:27:23.819204"]]
  [1m[35m (90.7ms)[0m  [1m[35mCOMMIT[0m
  [1m[35m (0.2ms)[0m  [1m[35mBEGIN[0m
  [1m[36mItem Create (0.4ms)[0m  [1m[32mINSERT INTO "items" ("title", "description", "price", "image_url", "created_at", "updated_at") VALUES ($1, $2, $3, $4, $5, $6) RETURNING "id"[0m  [["title", "Coco"], ["description", "Associazione Nazionale Felina Italiana"], ["price", "849.482"], ["image_url", "http://lorempixel.com/640/480/cats"], ["created_at", "2019-09-07 02:27:23.934080"], ["updated_at", "2019-09-07 02:27:23.934080"]]
  [1m[35m (36.3ms)[0m  [1m[35mCOMMIT[0m
  [1m[35m (0.1ms)[0m  [1m[35mBEGIN[0m
  [1m[36mItem Create (0.3ms)[0m  [1m[32mINSERT INTO "items" ("title", "description", "price", "image_url", "created_at", "updated_at") VALUES ($1, $2, $3, $4, $5, $6) RETURNING "id"[0m  [["title", "Daisy"], ["description", "American Cat Fanciers Association"], ["price", "164.891"], ["image_url", "http://lorempixel.com/640/480/cats"], ["created_at", "2019-09-07 02:27:23.977538"], ["updated_at", "2019-09-07 02:27:23.977538"]]
  [1m[35m (62.1ms)[0m  [1m[35mCOMMIT[0m
  [1m[35m (0.1ms)[0m  [1m[35mBEGIN[0m
  [1m[36mItem Create (0.4ms)[0m  [1m[32mINSERT INTO "items" ("title", "description", "price", "image_url", "created_at", "updated_at") VALUES ($1, $2, $3, $4, $5, $6) RETURNING "id"[0m  [["title", "Jasper"], ["description", "Fancy Southern Africa Cat Council"], ["price", "976.322"], ["image_url", "http://lorempixel.com/640/480/cats"], ["created_at", "2019-09-07 02:27:24.044035"], ["updated_at", "2019-09-07 02:27:24.044035"]]
  [1m[35m (73.4ms)[0m  [1m[35mCOMMIT[0m
  [1m[35m (0.4ms)[0m  [1m[35mBEGIN[0m
  [1m[36mItem Create (0.6ms)[0m  [1m[32mINSERT INTO "items" ("title", "description", "price", "image_url", "created_at", "updated_at") VALUES ($1, $2, $3, $4, $5, $6) RETURNING "id"[0m  [["title", "Sam"], ["description", "American Cat Fanciers Association"], ["price", "244.778"], ["image_url", "http://lorempixel.com/640/480/cats"], ["created_at", "2019-09-07 02:27:24.123515"], ["updated_at", "2019-09-07 02:27:24.123515"]]
  [1m[35m (57.1ms)[0m  [1m[35mCOMMIT[0m
  [1m[35m (0.4ms)[0m  [1m[35mBEGIN[0m
  [1m[36mItem Create (0.9ms)[0m  [1m[32mINSERT INTO "items" ("title", "description", "price", "image_url", "created_at", "updated_at") VALUES ($1, $2, $3, $4, $5, $6) RETURNING "id"[0m  [["title", "Lucky"], ["description", "The International Cat Association"], ["price", "912.815"], ["image_url", "http://lorempixel.com/640/480/cats"], ["created_at", "2019-09-07 02:27:24.191838"], ["updated_at", "2019-09-07 02:27:24.191838"]]
  [1m[35m (44.8ms)[0m  [1m[35mCOMMIT[0m
  [1m[35m (0.4ms)[0m  [1m[35mBEGIN[0m
  [1m[36mItem Create (1.0ms)[0m  [1m[32mINSERT INTO "items" ("title", "description", "price", "image_url", "created_at", "updated_at") VALUES ($1, $2, $3, $4, $5, $6) RETURNING "id"[0m  [["title", "Smudge"], ["description", "Governing Council of the Cat"], ["price", "587.613"], ["image_url", "http://lorempixel.com/640/480/cats"], ["created_at", "2019-09-07 02:27:24.247046"], ["updated_at", "2019-09-07 02:27:24.247046"]]
  [1m[35m (30.7ms)[0m  [1m[35mCOMMIT[0m
  [1m[35m (0.1ms)[0m  [1m[35mBEGIN[0m
  [1m[36mItem Create (0.4ms)[0m  [1m[32mINSERT INTO "items" ("title", "description", "price", "image_url", "created_at", "updated_at") VALUES ($1, $2, $3, $4, $5, $6) RETURNING "id"[0m  [["title", "Max"], ["description", "Fédération Internationale Féline"], ["price", "340.064"], ["image_url", "http://lorempixel.com/640/480/cats"], ["created_at", "2019-09-07 02:27:24.288685"], ["updated_at", "2019-09-07 02:27:24.288685"]]
  [1m[35m (6.4ms)[0m  [1m[35mCOMMIT[0m
  [1m[35m (0.2ms)[0m  [1m[35mBEGIN[0m
  [1m[36mItem Create (0.4ms)[0m  [1m[32mINSERT INTO "items" ("title", "description", "price", "image_url", "created_at", "updated_at") VALUES ($1, $2, $3, $4, $5, $6) RETURNING "id"[0m  [["title", "Millie"], ["description", "The International Cat Association"], ["price", "962.011"], ["image_url", "http://lorempixel.com/640/480/cats"], ["created_at", "2019-09-07 02:27:24.300329"], ["updated_at", "2019-09-07 02:27:24.300329"]]
  [1m[35m (5.7ms)[0m  [1m[35mCOMMIT[0m
  [1m[35m (0.2ms)[0m  [1m[35mBEGIN[0m
  [1m[36mItem Create (0.4ms)[0m  [1m[32mINSERT INTO "items" ("title", "description", "price", "image_url", "created_at", "updated_at") VALUES ($1, $2, $3, $4, $5, $6) RETURNING "id"[0m  [["title", "Sam"], ["description", "Canadian Cat Association"], ["price", "412.227"], ["image_url", "http://lorempixel.com/640/480/cats"], ["created_at", "2019-09-07 02:27:24.310799"], ["updated_at", "2019-09-07 02:27:24.310799"]]
  [1m[35m (6.4ms)[0m  [1m[35mCOMMIT[0m
  [1m[35m (0.2ms)[0m  [1m[35mBEGIN[0m
  [1m[36mItem Create (0.4ms)[0m  [1m[32mINSERT INTO "items" ("title", "description", "price", "image_url", "created_at", "updated_at") VALUES ($1, $2, $3, $4, $5, $6) RETURNING "id"[0m  [["title", "Simba"], ["description", "Fancy Southern Africa Cat Council"], ["price", "456.286"], ["image_url", "http://lorempixel.com/640/480/cats"], ["created_at", "2019-09-07 02:27:24.322008"], ["updated_at", "2019-09-07 02:27:24.322008"]]
  [1m[35m (6.4ms)[0m  [1m[35mCOMMIT[0m
  [1m[35m (0.2ms)[0m  [1m[35mBEGIN[0m
  [1m[36mItem Create (0.4ms)[0m  [1m[32mINSERT INTO "items" ("title", "description", "price", "image_url", "created_at", "updated_at") VALUES ($1, $2, $3, $4, $5, $6) RETURNING "id"[0m  [["title", "Smudge"], ["description", "Governing Council of the Cat"], ["price", "138.554"], ["image_url", "http://lorempixel.com/640/480/cats"], ["created_at", "2019-09-07 02:27:24.333031"], ["updated_at", "2019-09-07 02:27:24.333031"]]
  [1m[35m (6.3ms)[0m  [1m[35mCOMMIT[0m
  [1m[35m (0.2ms)[0m  [1m[35mBEGIN[0m
  [1m[36mItem Create (0.4ms)[0m  [1m[32mINSERT INTO "items" ("title", "description", "price", "image_url", "created_at", "updated_at") VALUES ($1, $2, $3, $4, $5, $6) RETURNING "id"[0m  [["title", "Smokey"], ["description", "Emirates Feline Federation"], ["price", "349.595"], ["image_url", "http://lorempixel.com/640/480/cats"], ["created_at", "2019-09-07 02:27:24.344173"], ["updated_at", "2019-09-07 02:27:24.344173"]]
  [1m[35m (6.3ms)[0m  [1m[35mCOMMIT[0m
  [1m[35m (0.2ms)[0m  [1m[35mBEGIN[0m
  [1m[36mItem Create (0.3ms)[0m  [1m[32mINSERT INTO "items" ("title", "description", "price", "image_url", "created_at", "updated_at") VALUES ($1, $2, $3, $4, $5, $6) RETURNING "id"[0m  [["title", "Lucky"], ["description", "Fancy Southern Africa Cat Council"], ["price", "477.117"], ["image_url", "http://lorempixel.com/640/480/cats"], ["created_at", "2019-09-07 02:27:24.355494"], ["updated_at", "2019-09-07 02:27:24.355494"]]
  [1m[35m (51.4ms)[0m  [1m[35mCOMMIT[0m
  [1m[35m (0.5ms)[0m  [1m[35mBEGIN[0m
  [1m[36mItem Create (0.7ms)[0m  [1m[32mINSERT INTO "items" ("title", "description", "price", "image_url", "created_at", "updated_at") VALUES ($1, $2, $3, $4, $5, $6) RETURNING "id"[0m  [["title", "Molly"], ["description", "Fancy Southern Africa Cat Council"], ["price", "733.317"], ["image_url", "http://lorempixel.com/640/480/cats"], ["created_at", "2019-09-07 02:27:24.413950"], ["updated_at", "2019-09-07 02:27:24.413950"]]
  [1m[35m (45.6ms)[0m  [1m[35mCOMMIT[0m
  [1m[35m (0.4ms)[0m  [1m[35mBEGIN[0m
  [1m[36mItem Create (0.6ms)[0m  [1m[32mINSERT INTO "items" ("title", "description", "price", "image_url", "created_at", "updated_at") VALUES ($1, $2, $3, $4, $5, $6) RETURNING "id"[0m  [["title", "Lucky"], ["description", "Fédération Internationale Féline"], ["price", "568.649"], ["image_url", "http://lorempixel.com/640/480/cats"], ["created_at", "2019-09-07 02:27:24.471228"], ["updated_at", "2019-09-07 02:27:24.471228"]]
  [1m[35m (42.5ms)[0m  [1m[35mCOMMIT[0m
  [1m[35m (0.4ms)[0m  [1m[35mBEGIN[0m
  [1m[36mItem Create (0.5ms)[0m  [1m[32mINSERT INTO "items" ("title", "description", "price", "image_url", "created_at", "updated_at") VALUES ($1, $2, $3, $4, $5, $6) RETURNING "id"[0m  [["title", "Millie"], ["description", "Fancy Southern Africa Cat Council"], ["price", "888.501"], ["image_url", "http://lorempixel.com/640/480/cats"], ["created_at", "2019-09-07 02:27:24.522959"], ["updated_at", "2019-09-07 02:27:24.522959"]]
  [1m[35m (4.0ms)[0m  [1m[35mCOMMIT[0m
  [1m[35m (0.2ms)[0m  [1m[35mBEGIN[0m
  [1m[36mItem Create (0.4ms)[0m  [1m[32mINSERT INTO "items" ("title", "description", "price", "image_url", "created_at", "updated_at") VALUES ($1, $2, $3, $4, $5, $6) RETURNING "id"[0m  [["title", "Alfie"], ["description", "The International Cat Association"], ["price", "991.887"], ["image_url", "http://lorempixel.com/640/480/cats"], ["created_at", "2019-09-07 02:27:24.534065"], ["updated_at", "2019-09-07 02:27:24.534065"]]
  [1m[35m (3.6ms)[0m  [1m[35mCOMMIT[0m
  [1m[35m (0.3ms)[0m  [1m[35mBEGIN[0m
  [1m[36mItem Create (0.4ms)[0m  [1m[32mINSERT INTO "items" ("title", "description", "price", "image_url", "created_at", "updated_at") VALUES ($1, $2, $3, $4, $5, $6) RETURNING "id"[0m  [["title", "Charlie"], ["description", "Fancy Southern Africa Cat Council"], ["price", "767.749"], ["image_url", "http://lorempixel.com/640/480/cats"], ["created_at", "2019-09-07 02:27:24.545209"], ["updated_at", "2019-09-07 02:27:24.545209"]]
  [1m[35m (59.0ms)[0m  [1m[35mCOMMIT[0m
  [1m[35m (0.2ms)[0m  [1m[35mBEGIN[0m
  [1m[36mItem Create (0.4ms)[0m  [1m[32mINSERT INTO "items" ("title", "description", "price", "image_url", "created_at", "updated_at") VALUES ($1, $2, $3, $4, $5, $6) RETURNING "id"[0m  [["title", "Max"], ["description", "Cat Fanciers' Association"], ["price", "796.409"], ["image_url", "http://lorempixel.com/640/480/cats"], ["created_at", "2019-09-07 02:27:24.611902"], ["updated_at", "2019-09-07 02:27:24.611902"]]
  [1m[35m (3.7ms)[0m  [1m[35mCOMMIT[0m
Started GET "/items" for 127.0.0.1 at 2019-09-07 05:27:30 +0300
Processing by ItemsController#index as HTML
  Rendering items/index.html.erb within layouts/application
  [1m[36mItem Load (1.2ms)[0m  [1m[34mSELECT "items".* FROM "items"[0m
  ↳ app/views/items/index.html.erb:13
  Rendered items/index.html.erb within layouts/application (Duration: 22.1ms | Allocations: 5371)
Completed 200 OK in 55ms (Views: 43.8ms | ActiveRecord: 9.9ms | Allocations: 17951)


Started GET "/items/8" for 127.0.0.1 at 2019-09-07 05:27:36 +0300
Processing by ItemsController#show as HTML
  Parameters: {"id"=>"8"}
  [1m[36mItem Load (0.5ms)[0m  [1m[34mSELECT "items".* FROM "items" WHERE "items"."id" = $1 LIMIT $2[0m  [["id", 8], ["LIMIT", 1]]
  ↳ app/controllers/items_controller.rb:8:in `show'
  Rendering items/show.html.erb within layouts/application
  Rendered items/show.html.erb within layouts/application (Duration: 24.1ms | Allocations: 283)
Completed 200 OK in 44ms (Views: 38.3ms | ActiveRecord: 0.8ms | Allocations: 13685)


Started POST "/carts" for 127.0.0.1 at 2019-09-07 05:27:38 +0300
Processing by CartsController#create as HTML
  Parameters: {"authenticity_token"=>"dueedy7Q6/zKK2baNRFqya9/mnOJHpumMzc2J/BzxNrb1+xsfc649/rLtNpo2Cylu2GQBdsO4qirMBhYNiEJdA=="}
Completed 500 Internal Server Error in 2ms (ActiveRecord: 0.0ms | Allocations: 1077)


  
NoMethodError (undefined method `id' for nil:NilClass):
  
app/controllers/carts_controller.rb:3:in `create'
Started GET "/items" for 127.0.0.1 at 2019-09-07 05:27:44 +0300
Processing by ItemsController#index as HTML
  Rendering items/index.html.erb within layouts/application
  [1m[36mItem Load (0.5ms)[0m  [1m[34mSELECT "items".* FROM "items"[0m
  ↳ app/views/items/index.html.erb:13
  Rendered items/index.html.erb within layouts/application (Duration: 4.4ms | Allocations: 1317)
Completed 200 OK in 31ms (Views: 29.7ms | ActiveRecord: 0.5ms | Allocations: 13911)


Started GET "/items/4" for 127.0.0.1 at 2019-09-07 05:27:48 +0300
Processing by ItemsController#show as HTML
  Parameters: {"id"=>"4"}
  [1m[36mItem Load (0.5ms)[0m  [1m[34mSELECT "items".* FROM "items" WHERE "items"."id" = $1 LIMIT $2[0m  [["id", 4], ["LIMIT", 1]]
  ↳ app/controllers/items_controller.rb:8:in `show'
  Rendering items/show.html.erb within layouts/application
  Rendered items/show.html.erb within layouts/application (Duration: 0.4ms | Allocations: 89)
Completed 200 OK in 28ms (Views: 24.9ms | ActiveRecord: 0.5ms | Allocations: 13218)


Started POST "/carts" for 127.0.0.1 at 2019-09-07 05:27:50 +0300
Processing by CartsController#create as HTML
  Parameters: {"authenticity_token"=>"YHJJfPF2EFTCesM3j20qtGT1Zoh82UUtPn1NmExNA0vNQjtnomhDX/KaETfSpGzYcOts/i7JPCOmemPnih/O5Q=="}
Completed 500 Internal Server Error in 2ms (ActiveRecord: 0.0ms | Allocations: 1096)


  
NoMethodError (undefined method `id' for nil:NilClass):
  
app/controllers/carts_controller.rb:3:in `create'
Started POST "/carts" for 127.0.0.1 at 2019-09-07 05:27:56 +0300
Processing by CartsController#create as HTML
  Parameters: {"authenticity_token"=>"YHJJfPF2EFTCesM3j20qtGT1Zoh82UUtPn1NmExNA0vNQjtnomhDX/KaETfSpGzYcOts/i7JPCOmemPnih/O5Q=="}
Completed 500 Internal Server Error in 3ms (ActiveRecord: 0.0ms | Allocations: 1097)


  
NoMethodError (undefined method `id' for nil:NilClass):
  
app/controllers/carts_controller.rb:3:in `create'
Started GET "/items" for 127.0.0.1 at 2019-09-07 05:28:03 +0300
Processing by ItemsController#index as HTML
  Rendering items/index.html.erb within layouts/application
  [1m[36mItem Load (0.5ms)[0m  [1m[34mSELECT "items".* FROM "items"[0m
  ↳ app/views/items/index.html.erb:13
  Rendered items/index.html.erb within layouts/application (Duration: 3.7ms | Allocations: 1316)
Completed 200 OK in 33ms (Views: 31.9ms | ActiveRecord: 0.5ms | Allocations: 13935)


Started GET "/items" for 127.0.0.1 at 2019-09-07 05:28:05 +0300
Processing by ItemsController#index as HTML
  Rendering items/index.html.erb within layouts/application
  [1m[36mItem Load (0.6ms)[0m  [1m[34mSELECT "items".* FROM "items"[0m
  ↳ app/views/items/index.html.erb:13
  Rendered items/index.html.erb within layouts/application (Duration: 4.8ms | Allocations: 1317)
Completed 200 OK in 57ms (Views: 55.4ms | ActiveRecord: 0.6ms | Allocations: 13914)


Started GET "/items" for 127.0.0.1 at 2019-09-07 05:28:11 +0300
Processing by ItemsController#index as HTML
  Rendering items/index.html.erb within layouts/application
  [1m[36mItem Load (1.1ms)[0m  [1m[34mSELECT "items".* FROM "items"[0m
  ↳ app/views/items/index.html.erb:13
  Rendered items/index.html.erb within layouts/application (Duration: 8.3ms | Allocations: 1317)
Completed 200 OK in 32ms (Views: 29.6ms | ActiveRecord: 1.1ms | Allocations: 13906)


Started GET "/items" for 127.0.0.1 at 2019-09-07 05:28:12 +0300
Processing by ItemsController#index as HTML
  Rendering items/index.html.erb within layouts/application
  [1m[36mItem Load (0.5ms)[0m  [1m[34mSELECT "items".* FROM "items"[0m
  ↳ app/views/items/index.html.erb:13
  Rendered items/index.html.erb within layouts/application (Duration: 4.7ms | Allocations: 1317)
Completed 200 OK in 23ms (Views: 21.9ms | ActiveRecord: 0.5ms | Allocations: 13908)


Started GET "/items" for 127.0.0.1 at 2019-09-07 05:28:14 +0300
Processing by ItemsController#index as HTML
  Rendering items/index.html.erb within layouts/application
  [1m[36mItem Load (0.5ms)[0m  [1m[34mSELECT "items".* FROM "items"[0m
  ↳ app/views/items/index.html.erb:13
  Rendered items/index.html.erb within layouts/application (Duration: 4.6ms | Allocations: 1317)
Completed 200 OK in 37ms (Views: 35.4ms | ActiveRecord: 0.5ms | Allocations: 13933)


Started GET "/items" for 127.0.0.1 at 2019-09-07 05:28:14 +0300
Processing by ItemsController#index as HTML
  Rendering items/index.html.erb within layouts/application
  [1m[36mItem Load (0.4ms)[0m  [1m[34mSELECT "items".* FROM "items"[0m
  ↳ app/views/items/index.html.erb:13
  Rendered items/index.html.erb within layouts/application (Duration: 4.4ms | Allocations: 1317)
Completed 200 OK in 36ms (Views: 34.1ms | ActiveRecord: 0.4ms | Allocations: 13915)


Started GET "/items/1" for 127.0.0.1 at 2019-09-07 05:28:18 +0300
Processing by ItemsController#show as HTML
  Parameters: {"id"=>"1"}
  [1m[36mItem Load (0.8ms)[0m  [1m[34mSELECT "items".* FROM "items" WHERE "items"."id" = $1 LIMIT $2[0m  [["id", 1], ["LIMIT", 1]]
  ↳ app/controllers/items_controller.rb:8:in `show'
  Rendering items/show.html.erb within layouts/application
  Rendered items/show.html.erb within layouts/application (Duration: 0.3ms | Allocations: 89)
Completed 200 OK in 25ms (Views: 19.6ms | ActiveRecord: 0.8ms | Allocations: 13216)


Started POST "/carts" for 127.0.0.1 at 2019-09-07 05:28:20 +0300
Processing by CartsController#create as HTML
  Parameters: {"authenticity_token"=>"EPqJ9PXlwq+FEvhYtB2hW2Rm66Fg/fJj0KEkVj3O6QG9yvvvpvuRpLXyKljp1Oc3cHjh1zLti21Ipgop+5wkrw=="}
Completed 500 Internal Server Error in 3ms (ActiveRecord: 0.0ms | Allocations: 1091)


  
NoMethodError (undefined method `id' for nil:NilClass):
  
app/controllers/carts_controller.rb:3:in `create'
Started GET "/users/sign_up" for 127.0.0.1 at 2019-09-07 05:28:28 +0300
Processing by Devise::RegistrationsController#new as HTML
  Rendering devise/registrations/new.html.erb within layouts/application
  Rendered devise/shared/_error_messages.html.erb (Duration: 0.1ms | Allocations: 15)
  Rendered devise/shared/_links.html.erb (Duration: 0.3ms | Allocations: 78)
  Rendered devise/registrations/new.html.erb within layouts/application (Duration: 4.2ms | Allocations: 1084)
Completed 200 OK in 26ms (Views: 25.1ms | ActiveRecord: 0.0ms | Allocations: 13847)


Started POST "/users" for 127.0.0.1 at 2019-09-07 05:28:45 +0300
Processing by Devise::RegistrationsController#create as HTML
  Parameters: {"authenticity_token"=>"Orp0rKAsIq99OOPLSh85NKncRelddeSLMoUlpu3wJXX2neTk54OgVM1BTfLSF0URViFmF0QVkAvh+T+G1lBwzA==", "user"=>{"email"=>"rakotomenja@gmail.com", "password"=>"[FILTERED]", "password_confirmation"=>"[FILTERED]"}, "commit"=>"Sign up"}
  [1m[35m (0.2ms)[0m  [1m[35mBEGIN[0m
  [1m[36mUser Exists? (1.3ms)[0m  [1m[34mSELECT 1 AS one FROM "users" WHERE "users"."email" = $1 LIMIT $2[0m  [["email", "rakotomenja@gmail.com"], ["LIMIT", 1]]
  [1m[36mUser Create (1.1ms)[0m  [1m[32mINSERT INTO "users" ("email", "encrypted_password", "created_at", "updated_at") VALUES ($1, $2, $3, $4) RETURNING "id"[0m  [["email", "rakotomenja@gmail.com"], ["encrypted_password", "$2a$11$WaxZLl4M0QSNd9UawdnlCOQWv5Sxe0E4PJ1.eIFL.HyytgErYigr6"], ["created_at", "2019-09-07 02:28:45.823868"], ["updated_at", "2019-09-07 02:28:45.823868"]]
  [1m[35m (22.3ms)[0m  [1m[35mCOMMIT[0m
Redirected to http://localhost:3000/
Completed 302 Found in 361ms (ActiveRecord: 24.8ms | Allocations: 11454)


Started GET "/" for 127.0.0.1 at 2019-09-07 05:28:45 +0300
Processing by ItemsController#index as HTML
  Rendering items/index.html.erb within layouts/application
  [1m[36mItem Load (0.4ms)[0m  [1m[34mSELECT "items".* FROM "items"[0m
  ↳ app/views/items/index.html.erb:13
  Rendered items/index.html.erb within layouts/application (Duration: 2.7ms | Allocations: 1316)
  [1m[36mUser Load (0.6ms)[0m  [1m[34mSELECT "users".* FROM "users" WHERE "users"."id" = $1 ORDER BY "users"."id" ASC LIMIT $2[0m  [["id", 1], ["LIMIT", 1]]
  ↳ app/views/layouts/application.html.erb:26
Completed 200 OK in 46ms (Views: 44.0ms | ActiveRecord: 0.9ms | Allocations: 14783)


Started GET "/kitUI.css" for 127.0.0.1 at 2019-09-07 05:28:46 +0300
  
ActionController::RoutingError (No route matches [GET] "/kitUI.css"):
  
actionpack (6.0.0) lib/action_dispatch/middleware/debug_exceptions.rb:36:in `call'
web-console (4.0.1) lib/web_console/middleware.rb:132:in `call_app'
web-console (4.0.1) lib/web_console/middleware.rb:28:in `block in call'
web-console (4.0.1) lib/web_console/middleware.rb:17:in `catch'
web-console (4.0.1) lib/web_console/middleware.rb:17:in `call'
actionpack (6.0.0) lib/action_dispatch/middleware/show_exceptions.rb:33:in `call'
railties (6.0.0) lib/rails/rack/logger.rb:38:in `call_app'
railties (6.0.0) lib/rails/rack/logger.rb:26:in `block in call'
activesupport (6.0.0) lib/active_support/tagged_logging.rb:80:in `block in tagged'
activesupport (6.0.0) lib/active_support/tagged_logging.rb:28:in `tagged'
activesupport (6.0.0) lib/active_support/tagged_logging.rb:80:in `tagged'
railties (6.0.0) lib/rails/rack/logger.rb:26:in `call'
sprockets-rails (3.2.1) lib/sprockets/rails/quiet_assets.rb:13:in `call'
actionpack (6.0.0) lib/action_dispatch/middleware/remote_ip.rb:81:in `call'
actionpack (6.0.0) lib/action_dispatch/middleware/request_id.rb:27:in `call'
rack (2.0.7) lib/rack/method_override.rb:22:in `call'
rack (2.0.7) lib/rack/runtime.rb:22:in `call'
activesupport (6.0.0) lib/active_support/cache/strategy/local_cache_middleware.rb:29:in `call'
actionpack (6.0.0) lib/action_dispatch/middleware/executor.rb:14:in `call'
actionpack (6.0.0) lib/action_dispatch/middleware/static.rb:126:in `call'
rack (2.0.7) lib/rack/sendfile.rb:111:in `call'
actionpack (6.0.0) lib/action_dispatch/middleware/host_authorization.rb:83:in `call'
webpacker (4.0.7) lib/webpacker/dev_server_proxy.rb:29:in `perform_request'
rack-proxy (0.6.5) lib/rack/proxy.rb:57:in `call'
railties (6.0.0) lib/rails/engine.rb:526:in `call'
puma (3.12.1) lib/puma/configuration.rb:227:in `call'
puma (3.12.1) lib/puma/server.rb:660:in `handle_request'
puma (3.12.1) lib/puma/server.rb:474:in `process_client'
puma (3.12.1) lib/puma/server.rb:334:in `block in run'
puma (3.12.1) lib/puma/thread_pool.rb:135:in `block in spawn_thread'
Started GET "/items" for 127.0.0.1 at 2019-09-07 05:28:50 +0300
Processing by ItemsController#index as HTML
  Rendering items/index.html.erb within layouts/application
  [1m[36mItem Load (0.9ms)[0m  [1m[34mSELECT "items".* FROM "items"[0m
  ↳ app/views/items/index.html.erb:13
  Rendered items/index.html.erb within layouts/application (Duration: 3.2ms | Allocations: 1316)
  [1m[36mUser Load (0.4ms)[0m  [1m[34mSELECT "users".* FROM "users" WHERE "users"."id" = $1 ORDER BY "users"."id" ASC LIMIT $2[0m  [["id", 1], ["LIMIT", 1]]
  ↳ app/views/layouts/application.html.erb:26
Completed 200 OK in 23ms (Views: 19.3ms | ActiveRecord: 1.2ms | Allocations: 14696)


Started GET "/items" for 127.0.0.1 at 2019-09-07 05:28:52 +0300
Processing by ItemsController#index as HTML
  Rendering items/index.html.erb within layouts/application
  [1m[36mItem Load (0.5ms)[0m  [1m[34mSELECT "items".* FROM "items"[0m
  ↳ app/views/items/index.html.erb:13
  Rendered items/index.html.erb within layouts/application (Duration: 2.9ms | Allocations: 1317)
  [1m[36mUser Load (0.4ms)[0m  [1m[34mSELECT "users".* FROM "users" WHERE "users"."id" = $1 ORDER BY "users"."id" ASC LIMIT $2[0m  [["id", 1], ["LIMIT", 1]]
  ↳ app/views/layouts/application.html.erb:26
Completed 200 OK in 21ms (Views: 18.5ms | ActiveRecord: 0.9ms | Allocations: 14704)


Started GET "/items/1" for 127.0.0.1 at 2019-09-07 05:28:59 +0300
Processing by ItemsController#show as HTML
  Parameters: {"id"=>"1"}
  [1m[36mItem Load (0.5ms)[0m  [1m[34mSELECT "items".* FROM "items" WHERE "items"."id" = $1 LIMIT $2[0m  [["id", 1], ["LIMIT", 1]]
  ↳ app/controllers/items_controller.rb:8:in `show'
  Rendering items/show.html.erb within layouts/application
  Rendered items/show.html.erb within layouts/application (Duration: 0.4ms | Allocations: 89)
  [1m[36mUser Load (0.4ms)[0m  [1m[34mSELECT "users".* FROM "users" WHERE "users"."id" = $1 ORDER BY "users"."id" ASC LIMIT $2[0m  [["id", 1], ["LIMIT", 1]]
  ↳ app/views/layouts/application.html.erb:26
Completed 200 OK in 33ms (Views: 29.1ms | ActiveRecord: 0.8ms | Allocations: 14015)


Started POST "/carts" for 127.0.0.1 at 2019-09-07 05:29:02 +0300
Processing by CartsController#create as HTML
  Parameters: {"authenticity_token"=>"A7sMS0h8eVVYsaOnVXj8SSkkRMrQOV6fzNpNRG8FQHGui35QG2IqXmhRcacIsbolPTpOvIIpJ5FU3WM7qVeN3w=="}
  [1m[36mUser Load (0.6ms)[0m  [1m[34mSELECT "users".* FROM "users" WHERE "users"."id" = $1 ORDER BY "users"."id" ASC LIMIT $2[0m  [["id", 1], ["LIMIT", 1]]
  ↳ app/controllers/carts_controller.rb:3:in `create'
  [1m[36mCart Load (0.4ms)[0m  [1m[34mSELECT "carts".* FROM "carts" WHERE "carts"."user_id" = $1 LIMIT $2[0m  [["user_id", 1], ["LIMIT", 1]]
  ↳ app/controllers/carts_controller.rb:5:in `create'
  [1m[35m (0.2ms)[0m  [1m[35mBEGIN[0m
  ↳ app/controllers/carts_controller.rb:6:in `create'
  [1m[36mUser Load (0.3ms)[0m  [1m[34mSELECT "users".* FROM "users" WHERE "users"."id" = $1 LIMIT $2[0m  [["id", 1], ["LIMIT", 1]]
  ↳ app/controllers/carts_controller.rb:6:in `create'
  [1m[36mCart Create (1.2ms)[0m  [1m[32mINSERT INTO "carts" ("created_at", "updated_at", "user_id") VALUES ($1, $2, $3) RETURNING "id"[0m  [["created_at", "2019-09-07 02:29:02.418253"], ["updated_at", "2019-09-07 02:29:02.418253"], ["user_id", 1]]
  ↳ app/controllers/carts_controller.rb:6:in `create'
  [1m[35m (25.7ms)[0m  [1m[35mCOMMIT[0m
  ↳ app/controllers/carts_controller.rb:6:in `create'
Completed 500 Internal Server Error in 131ms (ActiveRecord: 32.5ms | Allocations: 16185)


  
NoMethodError (undefined method `id' for nil:NilClass):
  
app/controllers/carts_controller.rb:8:in `create'
Started POST "/carts" for 127.0.0.1 at 2019-09-07 05:29:08 +0300
Processing by CartsController#create as HTML
  Parameters: {"authenticity_token"=>"A7sMS0h8eVVYsaOnVXj8SSkkRMrQOV6fzNpNRG8FQHGui35QG2IqXmhRcacIsbolPTpOvIIpJ5FU3WM7qVeN3w=="}
  [1m[36mUser Load (0.5ms)[0m  [1m[34mSELECT "users".* FROM "users" WHERE "users"."id" = $1 ORDER BY "users"."id" ASC LIMIT $2[0m  [["id", 1], ["LIMIT", 1]]
  ↳ app/controllers/carts_controller.rb:3:in `create'
  [1m[36mCart Load (1.1ms)[0m  [1m[34mSELECT "carts".* FROM "carts" WHERE "carts"."user_id" = $1 LIMIT $2[0m  [["user_id", 1], ["LIMIT", 1]]
  ↳ app/controllers/carts_controller.rb:5:in `create'
  [1m[35m (0.2ms)[0m  [1m[35mBEGIN[0m
  ↳ app/controllers/carts_controller.rb:8:in `create'
  [1m[36mCart Load (0.3ms)[0m  [1m[34mSELECT "carts".* FROM "carts" WHERE "carts"."id" = $1 LIMIT $2[0m  [["id", 1], ["LIMIT", 1]]
  ↳ app/controllers/carts_controller.rb:8:in `create'
  [1m[36mItem Load (0.2ms)[0m  [1m[34mSELECT "items".* FROM "items" WHERE "items"."id" = $1 LIMIT $2[0m  [["id", 1], ["LIMIT", 1]]
  ↳ app/controllers/carts_controller.rb:8:in `create'
  [1m[36mJoinCartItem Create (1.1ms)[0m  [1m[32mINSERT INTO "join_cart_items" ("cart_id", "item_id", "created_at", "updated_at") VALUES ($1, $2, $3, $4) RETURNING "id"[0m  [["cart_id", 1], ["item_id", 1], ["created_at", "2019-09-07 02:29:08.467416"], ["updated_at", "2019-09-07 02:29:08.467416"]]
  ↳ app/controllers/carts_controller.rb:8:in `create'
  [1m[35m (13.7ms)[0m  [1m[35mCOMMIT[0m
  ↳ app/controllers/carts_controller.rb:8:in `create'
Redirected to http://localhost:3000/carts/1
Completed 302 Found in 52ms (ActiveRecord: 22.0ms | Allocations: 10688)


Started GET "/carts/1" for 127.0.0.1 at 2019-09-07 05:29:08 +0300
Processing by CartsController#show as HTML
  Parameters: {"id"=>"1"}
  [1m[36mCart Load (0.3ms)[0m  [1m[34mSELECT "carts".* FROM "carts" WHERE "carts"."id" = $1 LIMIT $2[0m  [["id", 1], ["LIMIT", 1]]
  ↳ app/controllers/carts_controller.rb:17:in `show'
  [1m[36mUser Load (0.3ms)[0m  [1m[34mSELECT "users".* FROM "users" WHERE "users"."id" = $1 ORDER BY "users"."id" ASC LIMIT $2[0m  [["id", 1], ["LIMIT", 1]]
  ↳ app/controllers/carts_controller.rb:19:in `show'
  [1m[36mCart Load (0.4ms)[0m  [1m[34mSELECT "carts".* FROM "carts" WHERE "carts"."user_id" = $1 LIMIT $2[0m  [["user_id", 1], ["LIMIT", 1]]
  ↳ app/controllers/carts_controller.rb:19:in `show'
  [1m[36mItem Load (0.7ms)[0m  [1m[34mSELECT "items".* FROM "items" INNER JOIN "join_cart_items" ON "items"."id" = "join_cart_items"."item_id" WHERE "join_cart_items"."cart_id" = $1[0m  [["cart_id", 1]]
  ↳ app/controllers/carts_controller.rb:21:in `show'
  Rendering carts/show.html.erb within layouts/application
  [1m[36mCACHE Item Load (0.0ms)[0m  [1m[34mSELECT "items".* FROM "items" INNER JOIN "join_cart_items" ON "items"."id" = "join_cart_items"."item_id" WHERE "join_cart_items"."cart_id" = $1[0m  [["cart_id", 1]]
  ↳ app/views/carts/show.html.erb:11
  Rendered carts/show.html.erb within layouts/application (Duration: 17.5ms | Allocations: 1215)
Completed 200 OK in 72ms (Views: 33.7ms | ActiveRecord: 1.6ms | Allocations: 21981)


Started GET "/carts/kitUI.css" for 127.0.0.1 at 2019-09-07 05:29:08 +0300
Processing by CartsController#show as CSS
  Parameters: {"id"=>"kitUI"}
  [1m[36mCart Load (0.7ms)[0m  [1m[34mSELECT "carts".* FROM "carts" WHERE "carts"."id" = $1 LIMIT $2[0m  [["id", nil], ["LIMIT", 1]]
  ↳ app/controllers/carts_controller.rb:17:in `show'
Completed 404 Not Found in 6ms (ActiveRecord: 1.3ms | Allocations: 2378)


  
ActiveRecord::RecordNotFound (Couldn't find Cart with 'id'=kitUI):
  
app/controllers/carts_controller.rb:17:in `show'
Started POST "/orders" for 127.0.0.1 at 2019-09-07 05:29:14 +0300
Processing by OrdersController#create as HTML
  Parameters: {"authenticity_token"=>"IK92dP2cwKVNc3htw5nyJWJYZWTlpj2PydIrRYPkxxWNnwRvroKTrn2Tqm2eULRJdkZvEre2RIFR1QU6RbYKuw=="}
  [1m[36mUser Load (1.4ms)[0m  [1m[34mSELECT "users".* FROM "users" WHERE "users"."id" = $1 ORDER BY "users"."id" ASC LIMIT $2[0m  [["id", 1], ["LIMIT", 1]]
  ↳ app/controllers/orders_controller.rb:27:in `rescue in create'
  [1m[35m (0.2ms)[0m  [1m[35mBEGIN[0m
  ↳ app/controllers/orders_controller.rb:29:in `rescue in create'
  [1m[36mUser Load (0.4ms)[0m  [1m[34mSELECT "users".* FROM "users" WHERE "users"."id" = $1 LIMIT $2[0m  [["id", 1], ["LIMIT", 1]]
  ↳ app/controllers/orders_controller.rb:29:in `rescue in create'
  [1m[36mOrder Create (34.9ms)[0m  [1m[32mINSERT INTO "orders" ("user_id", "created_at", "updated_at") VALUES ($1, $2, $3) RETURNING "id"[0m  [["user_id", 1], ["created_at", "2019-09-07 02:29:17.687074"], ["updated_at", "2019-09-07 02:29:17.687074"]]
  ↳ app/controllers/orders_controller.rb:29:in `rescue in create'
  [1m[35m (8.9ms)[0m  [1m[35mCOMMIT[0m
  ↳ app/controllers/orders_controller.rb:29:in `rescue in create'
  [1m[36mCart Load (0.3ms)[0m  [1m[34mSELECT "carts".* FROM "carts" WHERE "carts"."user_id" = $1 LIMIT $2[0m  [["user_id", 1], ["LIMIT", 1]]
  ↳ app/controllers/orders_controller.rb:30:in `rescue in create'
  [1m[35m (0.2ms)[0m  [1m[35mBEGIN[0m
  ↳ app/controllers/orders_controller.rb:30:in `rescue in create'
  [1m[36mOrder Load (0.3ms)[0m  [1m[34mSELECT "orders".* FROM "orders" WHERE "orders"."id" = $1 LIMIT $2[0m  [["id", 1], ["LIMIT", 1]]
  ↳ app/controllers/orders_controller.rb:30:in `rescue in create'
  [1m[36mItem Load (0.3ms)[0m  [1m[34mSELECT "items".* FROM "items" WHERE "items"."id" = $1 LIMIT $2[0m  [["id", 1], ["LIMIT", 1]]
  ↳ app/controllers/orders_controller.rb:30:in `rescue in create'
  [1m[36mJoinOrderItem Create (12.7ms)[0m  [1m[32mINSERT INTO "join_order_items" ("order_id", "item_id", "created_at", "updated_at") VALUES ($1, $2, $3, $4) RETURNING "id"[0m  [["order_id", 1], ["item_id", 1], ["created_at", "2019-09-07 02:29:17.782004"], ["updated_at", "2019-09-07 02:29:17.782004"]]
  ↳ app/controllers/orders_controller.rb:30:in `rescue in create'
  [1m[35m (14.5ms)[0m  [1m[35mCOMMIT[0m
  ↳ app/controllers/orders_controller.rb:30:in `rescue in create'
  [1m[36mCart Load (0.4ms)[0m  [1m[34mSELECT "carts".* FROM "carts" WHERE "carts"."id" = $1 LIMIT $2[0m  [["id", 1], ["LIMIT", 1]]
  ↳ app/controllers/orders_controller.rb:32:in `rescue in create'
  [1m[36mJoinCartItem Load (0.4ms)[0m  [1m[34mSELECT "join_cart_items".* FROM "join_cart_items" WHERE "join_cart_items"."cart_id" = $1[0m  [["cart_id", 1]]
  ↳ app/controllers/orders_controller.rb:33:in `rescue in create'
  [1m[35m (0.2ms)[0m  [1m[35mBEGIN[0m
  ↳ app/controllers/orders_controller.rb:33:in `rescue in create'
  [1m[36mJoinCartItem Destroy (0.5ms)[0m  [1m[31mDELETE FROM "join_cart_items" WHERE "join_cart_items"."id" = $1[0m  [["id", 1]]
  ↳ app/controllers/orders_controller.rb:33:in `rescue in create'
  [1m[35m (3.3ms)[0m  [1m[35mCOMMIT[0m
  ↳ app/controllers/orders_controller.rb:33:in `rescue in create'
Redirected to http://localhost:3000/carts/1
Completed 302 Found in 3316ms (ActiveRecord: 90.1ms | Allocations: 27929)


Started GET "/carts/1" for 127.0.0.1 at 2019-09-07 05:29:17 +0300
Processing by CartsController#show as HTML
  Parameters: {"id"=>"1"}
  [1m[36mCart Load (0.3ms)[0m  [1m[34mSELECT "carts".* FROM "carts" WHERE "carts"."id" = $1 LIMIT $2[0m  [["id", 1], ["LIMIT", 1]]
  ↳ app/controllers/carts_controller.rb:17:in `show'
  [1m[36mUser Load (0.3ms)[0m  [1m[34mSELECT "users".* FROM "users" WHERE "users"."id" = $1 ORDER BY "users"."id" ASC LIMIT $2[0m  [["id", 1], ["LIMIT", 1]]
  ↳ app/controllers/carts_controller.rb:19:in `show'
  [1m[36mCart Load (0.3ms)[0m  [1m[34mSELECT "carts".* FROM "carts" WHERE "carts"."user_id" = $1 LIMIT $2[0m  [["user_id", 1], ["LIMIT", 1]]
  ↳ app/controllers/carts_controller.rb:19:in `show'
  [1m[36mItem Load (0.6ms)[0m  [1m[34mSELECT "items".* FROM "items" INNER JOIN "join_cart_items" ON "items"."id" = "join_cart_items"."item_id" WHERE "join_cart_items"."cart_id" = $1[0m  [["cart_id", 1]]
  ↳ app/controllers/carts_controller.rb:21:in `show'
  Rendering carts/show.html.erb within layouts/application
  [1m[36mCACHE Item Load (0.0ms)[0m  [1m[34mSELECT "items".* FROM "items" INNER JOIN "join_cart_items" ON "items"."id" = "join_cart_items"."item_id" WHERE "join_cart_items"."cart_id" = $1[0m  [["cart_id", 1]]
  ↳ app/views/carts/show.html.erb:11
  Rendered carts/show.html.erb within layouts/application (Duration: 2.0ms | Allocations: 847)
Completed 200 OK in 30ms (Views: 20.5ms | ActiveRecord: 1.6ms | Allocations: 16281)


Started GET "/carts/kitUI.css" for 127.0.0.1 at 2019-09-07 05:29:17 +0300
Processing by CartsController#show as CSS
  Parameters: {"id"=>"kitUI"}
  [1m[36mCart Load (0.6ms)[0m  [1m[34mSELECT "carts".* FROM "carts" WHERE "carts"."id" = $1 LIMIT $2[0m  [["id", nil], ["LIMIT", 1]]
  ↳ app/controllers/carts_controller.rb:17:in `show'
Completed 404 Not Found in 7ms (ActiveRecord: 0.9ms | Allocations: 1249)


  
ActiveRecord::RecordNotFound (Couldn't find Cart with 'id'=kitUI):
  
app/controllers/carts_controller.rb:17:in `show'
